CRITICAL - 2022-10-19 21:16:12 --> Undefined variable: obj
in APPPATH\Views\v_edit.php on line 29.
 1 APPPATH\Views\v_edit.php(29): CodeIgniter\Debug\Exceptions->errorHandler(8, 'Undefined variable: obj', 'APPPATH\\Views\\v_edit.php', 29, [...])
 2 SYSTEMPATH\View\View.php(213): include('APPPATH\\Views\\v_edit.php')
 3 SYSTEMPATH\View\View.php(216): CodeIgniter\View\View->CodeIgniter\View\{closure}()
 4 SYSTEMPATH\Common.php(1142): CodeIgniter\View\View->render('v_edit', [], true)
 5 APPPATH\Controllers\Objek.php(61): view('v_edit', [...])
 6 SYSTEMPATH\CodeIgniter.php(904): App\Controllers\Objek->edit('12')
 7 SYSTEMPATH\CodeIgniter.php(457): CodeIgniter\CodeIgniter->runController(Object(App\Controllers\Objek))
 8 SYSTEMPATH\CodeIgniter.php(340): CodeIgniter\CodeIgniter->handleRequest(null, Object(Config\Cache), false)
 9 FCPATH\index.php(67): CodeIgniter\CodeIgniter->run()
CRITICAL - 2022-10-19 21:16:35 --> Undefined variable: obj
in APPPATH\Views\v_edit.php on line 29.
 1 APPPATH\Views\v_edit.php(29): CodeIgniter\Debug\Exceptions->errorHandler(8, 'Undefined variable: obj', 'APPPATH\\Views\\v_edit.php', 29, [...])
 2 SYSTEMPATH\View\View.php(213): include('APPPATH\\Views\\v_edit.php')
 3 SYSTEMPATH\View\View.php(216): CodeIgniter\View\View->CodeIgniter\View\{closure}()
 4 SYSTEMPATH\Common.php(1142): CodeIgniter\View\View->render('v_edit', [], true)
 5 APPPATH\Controllers\Objek.php(61): view('v_edit', [...])
 6 SYSTEMPATH\CodeIgniter.php(904): App\Controllers\Objek->edit('7')
 7 SYSTEMPATH\CodeIgniter.php(457): CodeIgniter\CodeIgniter->runController(Object(App\Controllers\Objek))
 8 SYSTEMPATH\CodeIgniter.php(340): CodeIgniter\CodeIgniter->handleRequest(null, Object(Config\Cache), false)
 9 FCPATH\index.php(67): CodeIgniter\CodeIgniter->run()
CRITICAL - 2022-10-19 21:17:01 --> Undefined variable: obj
in APPPATH\Views\v_edit.php on line 29.
 1 APPPATH\Views\v_edit.php(29): CodeIgniter\Debug\Exceptions->errorHandler(8, 'Undefined variable: obj', 'APPPATH\\Views\\v_edit.php', 29, [...])
 2 SYSTEMPATH\View\View.php(213): include('APPPATH\\Views\\v_edit.php')
 3 SYSTEMPATH\View\View.php(216): CodeIgniter\View\View->CodeIgniter\View\{closure}()
 4 SYSTEMPATH\Common.php(1142): CodeIgniter\View\View->render('v_edit', [], true)
 5 APPPATH\Controllers\Objek.php(61): view('v_edit', [...])
 6 SYSTEMPATH\CodeIgniter.php(904): App\Controllers\Objek->edit('7')
 7 SYSTEMPATH\CodeIgniter.php(457): CodeIgniter\CodeIgniter->runController(Object(App\Controllers\Objek))
 8 SYSTEMPATH\CodeIgniter.php(340): CodeIgniter\CodeIgniter->handleRequest(null, Object(Config\Cache), false)
 9 FCPATH\index.php(67): CodeIgniter\CodeIgniter->run()
CRITICAL - 2022-10-19 21:17:04 --> Undefined variable: obj
in APPPATH\Views\v_edit.php on line 29.
 1 APPPATH\Views\v_edit.php(29): CodeIgniter\Debug\Exceptions->errorHandler(8, 'Undefined variable: obj', 'APPPATH\\Views\\v_edit.php', 29, [...])
 2 SYSTEMPATH\View\View.php(213): include('APPPATH\\Views\\v_edit.php')
 3 SYSTEMPATH\View\View.php(216): CodeIgniter\View\View->CodeIgniter\View\{closure}()
 4 SYSTEMPATH\Common.php(1142): CodeIgniter\View\View->render('v_edit', [], true)
 5 APPPATH\Controllers\Objek.php(61): view('v_edit', [...])
 6 SYSTEMPATH\CodeIgniter.php(904): App\Controllers\Objek->edit('7')
 7 SYSTEMPATH\CodeIgniter.php(457): CodeIgniter\CodeIgniter->runController(Object(App\Controllers\Objek))
 8 SYSTEMPATH\CodeIgniter.php(340): CodeIgniter\CodeIgniter->handleRequest(null, Object(Config\Cache), false)
 9 FCPATH\index.php(67): CodeIgniter\CodeIgniter->run()
CRITICAL - 2022-10-19 21:17:20 --> Undefined variable: obj
in APPPATH\Views\v_edit.php on line 29.
 1 APPPATH\Views\v_edit.php(29): CodeIgniter\Debug\Exceptions->errorHandler(8, 'Undefined variable: obj', 'APPPATH\\Views\\v_edit.php', 29, [...])
 2 SYSTEMPATH\View\View.php(213): include('APPPATH\\Views\\v_edit.php')
 3 SYSTEMPATH\View\View.php(216): CodeIgniter\View\View->CodeIgniter\View\{closure}()
 4 SYSTEMPATH\Common.php(1142): CodeIgniter\View\View->render('v_edit', [], true)
 5 APPPATH\Controllers\Objek.php(61): view('v_edit', [...])
 6 SYSTEMPATH\CodeIgniter.php(904): App\Controllers\Objek->edit('7')
 7 SYSTEMPATH\CodeIgniter.php(457): CodeIgniter\CodeIgniter->runController(Object(App\Controllers\Objek))
 8 SYSTEMPATH\CodeIgniter.php(340): CodeIgniter\CodeIgniter->handleRequest(null, Object(Config\Cache), false)
 9 FCPATH\index.php(67): CodeIgniter\CodeIgniter->run()
CRITICAL - 2022-10-19 21:18:30 --> Undefined variable: obj
in APPPATH\Views\v_edit.php on line 29.
 1 APPPATH\Views\v_edit.php(29): CodeIgniter\Debug\Exceptions->errorHandler(8, 'Undefined variable: obj', 'APPPATH\\Views\\v_edit.php', 29, [...])
 2 SYSTEMPATH\View\View.php(213): include('APPPATH\\Views\\v_edit.php')
 3 SYSTEMPATH\View\View.php(216): CodeIgniter\View\View->CodeIgniter\View\{closure}()
 4 SYSTEMPATH\Common.php(1142): CodeIgniter\View\View->render('v_edit', [], true)
 5 APPPATH\Controllers\Objek.php(61): view('v_edit', [...])
 6 SYSTEMPATH\CodeIgniter.php(904): App\Controllers\Objek->edit('7')
 7 SYSTEMPATH\CodeIgniter.php(457): CodeIgniter\CodeIgniter->runController(Object(App\Controllers\Objek))
 8 SYSTEMPATH\CodeIgniter.php(340): CodeIgniter\CodeIgniter->handleRequest(null, Object(Config\Cache), false)
 9 FCPATH\index.php(67): CodeIgniter\CodeIgniter->run()
CRITICAL - 2022-10-19 21:35:52 --> Undefined variable: flashdata
in APPPATH\Views\v_table.php on line 36.
 1 APPPATH\Views\v_table.php(36): CodeIgniter\Debug\Exceptions->errorHandler(8, 'Undefined variable: flashdata', 'APPPATH\\Views\\v_table.php', 36, [...])
 2 SYSTEMPATH\View\View.php(213): include('APPPATH\\Views\\v_table.php')
 3 SYSTEMPATH\View\View.php(216): CodeIgniter\View\View->CodeIgniter\View\{closure}()
 4 SYSTEMPATH\Common.php(1142): CodeIgniter\View\View->render('v_table', [], true)
 5 APPPATH\Controllers\Objek.php(47): view('v_table', [...])
 6 SYSTEMPATH\CodeIgniter.php(904): App\Controllers\Objek->table()
 7 SYSTEMPATH\CodeIgniter.php(457): CodeIgniter\CodeIgniter->runController(Object(App\Controllers\Objek))
 8 SYSTEMPATH\CodeIgniter.php(340): CodeIgniter\CodeIgniter->handleRequest(null, Object(Config\Cache), false)
 9 FCPATH\index.php(67): CodeIgniter\CodeIgniter->run()
CRITICAL - 2022-10-19 21:37:08 --> Undefined variable: flashdata
in APPPATH\Views\v_table.php on line 36.
 1 APPPATH\Views\v_table.php(36): CodeIgniter\Debug\Exceptions->errorHandler(8, 'Undefined variable: flashdata', 'APPPATH\\Views\\v_table.php', 36, [...])
 2 SYSTEMPATH\View\View.php(213): include('APPPATH\\Views\\v_table.php')
 3 SYSTEMPATH\View\View.php(216): CodeIgniter\View\View->CodeIgniter\View\{closure}()
 4 SYSTEMPATH\Common.php(1142): CodeIgniter\View\View->render('v_table', [], true)
 5 APPPATH\Controllers\Objek.php(47): view('v_table', [...])
 6 SYSTEMPATH\CodeIgniter.php(904): App\Controllers\Objek->table()
 7 SYSTEMPATH\CodeIgniter.php(457): CodeIgniter\CodeIgniter->runController(Object(App\Controllers\Objek))
 8 SYSTEMPATH\CodeIgniter.php(340): CodeIgniter\CodeIgniter->handleRequest(null, Object(Config\Cache), false)
 9 FCPATH\index.php(67): CodeIgniter\CodeIgniter->run()
CRITICAL - 2022-10-19 21:37:37 --> Undefined variable: flashdata
in APPPATH\Views\v_table.php on line 36.
 1 APPPATH\Views\v_table.php(36): CodeIgniter\Debug\Exceptions->errorHandler(8, 'Undefined variable: flashdata', 'APPPATH\\Views\\v_table.php', 36, [...])
 2 SYSTEMPATH\View\View.php(213): include('APPPATH\\Views\\v_table.php')
 3 SYSTEMPATH\View\View.php(216): CodeIgniter\View\View->CodeIgniter\View\{closure}()
 4 SYSTEMPATH\Common.php(1142): CodeIgniter\View\View->render('v_table', [], true)
 5 APPPATH\Controllers\Objek.php(48): view('v_table', [...])
 6 SYSTEMPATH\CodeIgniter.php(904): App\Controllers\Objek->table()
 7 SYSTEMPATH\CodeIgniter.php(457): CodeIgniter\CodeIgniter->runController(Object(App\Controllers\Objek))
 8 SYSTEMPATH\CodeIgniter.php(340): CodeIgniter\CodeIgniter->handleRequest(null, Object(Config\Cache), false)
 9 FCPATH\index.php(67): CodeIgniter\CodeIgniter->run()
CRITICAL - 2022-10-19 21:38:18 --> Undefined variable: flashdata
in APPPATH\Views\v_table.php on line 36.
 1 APPPATH\Views\v_table.php(36): CodeIgniter\Debug\Exceptions->errorHandler(8, 'Undefined variable: flashdata', 'APPPATH\\Views\\v_table.php', 36, [...])
 2 SYSTEMPATH\View\View.php(213): include('APPPATH\\Views\\v_table.php')
 3 SYSTEMPATH\View\View.php(216): CodeIgniter\View\View->CodeIgniter\View\{closure}()
 4 SYSTEMPATH\Common.php(1142): CodeIgniter\View\View->render('v_table', [], true)
 5 APPPATH\Controllers\Objek.php(48): view('v_table', [...])
 6 SYSTEMPATH\CodeIgniter.php(904): App\Controllers\Objek->table()
 7 SYSTEMPATH\CodeIgniter.php(457): CodeIgniter\CodeIgniter->runController(Object(App\Controllers\Objek))
 8 SYSTEMPATH\CodeIgniter.php(340): CodeIgniter\CodeIgniter->handleRequest(null, Object(Config\Cache), false)
 9 FCPATH\index.php(67): CodeIgniter\CodeIgniter->run()
CRITICAL - 2022-10-19 21:40:29 --> Undefined variable: flashdata
in APPPATH\Views\v_table.php on line 36.
 1 APPPATH\Views\v_table.php(36): CodeIgniter\Debug\Exceptions->errorHandler(8, 'Undefined variable: flashdata', 'APPPATH\\Views\\v_table.php', 36, [...])
 2 SYSTEMPATH\View\View.php(213): include('APPPATH\\Views\\v_table.php')
 3 SYSTEMPATH\View\View.php(216): CodeIgniter\View\View->CodeIgniter\View\{closure}()
 4 SYSTEMPATH\Common.php(1142): CodeIgniter\View\View->render('v_table', [], true)
 5 APPPATH\Controllers\Objek.php(48): view('v_table', [...])
 6 SYSTEMPATH\CodeIgniter.php(904): App\Controllers\Objek->table()
 7 SYSTEMPATH\CodeIgniter.php(457): CodeIgniter\CodeIgniter->runController(Object(App\Controllers\Objek))
 8 SYSTEMPATH\CodeIgniter.php(340): CodeIgniter\CodeIgniter->handleRequest(null, Object(Config\Cache), false)
 9 FCPATH\index.php(67): CodeIgniter\CodeIgniter->run()
CRITICAL - 2022-10-19 22:40:39 --> Undefined variable: obj
in APPPATH\Views\v_edit.php on line 55.
 1 APPPATH\Views\v_edit.php(55): CodeIgniter\Debug\Exceptions->errorHandler(8, 'Undefined variable: obj', 'APPPATH\\Views\\v_edit.php', 55, [...])
 2 SYSTEMPATH\View\View.php(213): include('APPPATH\\Views\\v_edit.php')
 3 SYSTEMPATH\View\View.php(216): CodeIgniter\View\View->CodeIgniter\View\{closure}()
 4 SYSTEMPATH\Common.php(1142): CodeIgniter\View\View->render('v_edit', [], true)
 5 APPPATH\Controllers\Objek.php(79): view('v_edit', [...])
 6 SYSTEMPATH\CodeIgniter.php(904): App\Controllers\Objek->edit('7')
 7 SYSTEMPATH\CodeIgniter.php(457): CodeIgniter\CodeIgniter->runController(Object(App\Controllers\Objek))
 8 SYSTEMPATH\CodeIgniter.php(340): CodeIgniter\CodeIgniter->handleRequest(null, Object(Config\Cache), false)
 9 FCPATH\index.php(67): CodeIgniter\CodeIgniter->run()
