ERROR - 2022-10-26 20:18:00 --> ErrorException: pg_query(): Query failed: ERROR:  invalid input syntax for type numeric: &quot;&quot;
LINE 1: ...oto&quot;, &quot;created_at&quot;, &quot;updated_at&quot;) VALUES ('', '', '', '', NU...
                                                             ^ in C:\xampp\htdocs\pgwl\petalokasiobjek\system\Database\Postgre\Connection.php:140
Stack trace:
#0 [internal function]: CodeIgniter\Debug\Exceptions->errorHandler(2, 'pg_query(): Que...', 'C:\\xampp\\htdocs...', 140, Array)
#1 C:\xampp\htdocs\pgwl\petalokasiobjek\system\Database\Postgre\Connection.php(140): pg_query(Resource id #125, 'INSERT INTO "tb...')
#2 C:\xampp\htdocs\pgwl\petalokasiobjek\system\Database\BaseConnection.php(693): CodeIgniter\Database\Postgre\Connection->execute('INSERT INTO "tb...')
#3 C:\xampp\htdocs\pgwl\petalokasiobjek\system\Database\BaseConnection.php(620): CodeIgniter\Database\BaseConnection->simpleQuery('INSERT INTO "tb...')
#4 C:\xampp\htdocs\pgwl\petalokasiobjek\system\Database\BaseBuilder.php(1916): CodeIgniter\Database\BaseConnection->query('INSERT INTO "tb...', Array, false)
#5 C:\xampp\htdocs\pgwl\petalokasiobjek\system\Model.php(279): CodeIgniter\Database\BaseBuilder->insert()
#6 C:\xampp\htdocs\pgwl\petalokasiobjek\system\BaseModel.php(738): CodeIgniter\Model->doInsert(Array)
#7 C:\xampp\htdocs\pgwl\petalokasiobjek\system\Model.php(667): CodeIgniter\BaseModel->insert(Array, false)
#8 C:\xampp\htdocs\pgwl\petalokasiobjek\system\BaseModel.php(658): CodeIgniter\Model->insert(Array, false)
#9 C:\xampp\htdocs\pgwl\petalokasiobjek\app\Controllers\Objek.php(50): CodeIgniter\BaseModel->save(Array)
#10 C:\xampp\htdocs\pgwl\petalokasiobjek\system\CodeIgniter.php(904): App\Controllers\Objek->simpantambahdata()
#11 C:\xampp\htdocs\pgwl\petalokasiobjek\system\CodeIgniter.php(457): CodeIgniter\CodeIgniter->runController(Object(App\Controllers\Objek))
#12 C:\xampp\htdocs\pgwl\petalokasiobjek\system\CodeIgniter.php(340): CodeIgniter\CodeIgniter->handleRequest(NULL, Object(Config\Cache), false)
#13 C:\xampp\htdocs\pgwl\petalokasiobjek\public\index.php(67): CodeIgniter\CodeIgniter->run()
#14 {main}
CRITICAL - 2022-10-26 20:18:00 --> pg_query(): Query failed: ERROR:  invalid input syntax for type numeric: &quot;&quot;
LINE 1: ...oto&quot;, &quot;created_at&quot;, &quot;updated_at&quot;) VALUES ('', '', '', '', NU...
                                                             ^
in SYSTEMPATH\Database\Postgre\Connection.php on line 140.
 1 [internal function]: CodeIgniter\Debug\Exceptions->errorHandler(2, 'pg_query(): Query failed: ERROR:  invalid input syntax for type numeric: &quot;&quot;
LINE 1: ...oto&quot;, &quot;created_at&quot;, &quot;updated_at&quot;) VALUES (\'\', \'\', \'\', \'\', NU...
                                                             ^', 'SYSTEMPATH\\Database\\Postgre\\Connection.php', 140, [...])
 2 SYSTEMPATH\Database\Postgre\Connection.php(140): pg_query(resource (pgsql link), 'INSERT INTO "tbl_objek" ("nama", "deskripsi", "longitude", "latitude", "foto", "created_at", "updated_at") VALUES (\'\', \'\', \'\', \'\', NULL, \'2022-10-26 20:17:59\', \'2022-10-26 20:17:59\')')
 3 SYSTEMPATH\Database\BaseConnection.php(693): CodeIgniter\Database\Postgre\Connection->execute('INSERT INTO "tbl_objek" ("nama", "deskripsi", "longitude", "latitude", "foto", "created_at", "updated_at") VALUES (\'\', \'\', \'\', \'\', NULL, \'2022-10-26 20:17:59\', \'2022-10-26 20:17:59\')')
 4 SYSTEMPATH\Database\BaseConnection.php(620): CodeIgniter\Database\BaseConnection->simpleQuery('INSERT INTO "tbl_objek" ("nama", "deskripsi", "longitude", "latitude", "foto", "created_at", "updated_at") VALUES (\'\', \'\', \'\', \'\', NULL, \'2022-10-26 20:17:59\', \'2022-10-26 20:17:59\')')
 5 SYSTEMPATH\Database\BaseBuilder.php(1916): CodeIgniter\Database\BaseConnection->query('INSERT INTO "tbl_objek" ("nama", "deskripsi", "longitude", "latitude", "foto", "created_at", "updated_at") VALUES (:nama:, :deskripsi:, :longitude:, :latitude:, :foto:, :created_at:, :updated_at:)', [...], false)
 6 SYSTEMPATH\Model.php(279): CodeIgniter\Database\BaseBuilder->insert()
 7 SYSTEMPATH\BaseModel.php(738): CodeIgniter\Model->doInsert([...])
 8 SYSTEMPATH\Model.php(667): CodeIgniter\BaseModel->insert([...], false)
 9 SYSTEMPATH\BaseModel.php(658): CodeIgniter\Model->insert([...], false)
10 APPPATH\Controllers\Objek.php(50): CodeIgniter\BaseModel->save([...])
11 SYSTEMPATH\CodeIgniter.php(904): App\Controllers\Objek->simpantambahdata()
12 SYSTEMPATH\CodeIgniter.php(457): CodeIgniter\CodeIgniter->runController(Object(App\Controllers\Objek))
13 SYSTEMPATH\CodeIgniter.php(340): CodeIgniter\CodeIgniter->handleRequest(null, Object(Config\Cache), false)
14 FCPATH\index.php(67): CodeIgniter\CodeIgniter->run()
CRITICAL - 2022-10-26 20:40:49 --> syntax error, unexpected ';'
in APPPATH\Controllers\Objek.php on line 101.
 1 SYSTEMPATH\Router\Router.php(499): CodeIgniter\Router\AutoRouter->getRoute('objek/table')
 2 SYSTEMPATH\Router\Router.php(205): CodeIgniter\Router\Router->autoRoute('objek/table')
 3 SYSTEMPATH\CodeIgniter.php(779): CodeIgniter\Router\Router->handle('objek/table')
 4 SYSTEMPATH\CodeIgniter.php(406): CodeIgniter\CodeIgniter->tryToRouteIt(Object(CodeIgniter\Router\RouteCollection))
 5 SYSTEMPATH\CodeIgniter.php(340): CodeIgniter\CodeIgniter->handleRequest(null, Object(Config\Cache), false)
 6 FCPATH\index.php(67): CodeIgniter\CodeIgniter->run()
CRITICAL - 2022-10-26 20:40:52 --> syntax error, unexpected ';'
in APPPATH\Controllers\Objek.php on line 101.
 1 SYSTEMPATH\Router\Router.php(499): CodeIgniter\Router\AutoRouter->getRoute('objek')
 2 SYSTEMPATH\Router\Router.php(205): CodeIgniter\Router\Router->autoRoute('objek')
 3 SYSTEMPATH\CodeIgniter.php(779): CodeIgniter\Router\Router->handle('objek')
 4 SYSTEMPATH\CodeIgniter.php(406): CodeIgniter\CodeIgniter->tryToRouteIt(Object(CodeIgniter\Router\RouteCollection))
 5 SYSTEMPATH\CodeIgniter.php(340): CodeIgniter\CodeIgniter->handleRequest(null, Object(Config\Cache), false)
 6 FCPATH\index.php(67): CodeIgniter\CodeIgniter->run()
CRITICAL - 2022-10-26 20:41:37 --> Call to undefined function App\Controllers\delete_files()
in APPPATH\Controllers\Objek.php on line 101.
 1 SYSTEMPATH\CodeIgniter.php(904): App\Controllers\Objek->simpaneditdata('15')
 2 SYSTEMPATH\CodeIgniter.php(457): CodeIgniter\CodeIgniter->runController(Object(App\Controllers\Objek))
 3 SYSTEMPATH\CodeIgniter.php(340): CodeIgniter\CodeIgniter->handleRequest(null, Object(Config\Cache), false)
 4 FCPATH\index.php(67): CodeIgniter\CodeIgniter->run()
CRITICAL - 2022-10-26 20:42:05 --> Call to undefined function App\Controllers\delete_files()
in APPPATH\Controllers\Objek.php on line 99.
 1 SYSTEMPATH\CodeIgniter.php(904): App\Controllers\Objek->simpaneditdata('15')
 2 SYSTEMPATH\CodeIgniter.php(457): CodeIgniter\CodeIgniter->runController(Object(App\Controllers\Objek))
 3 SYSTEMPATH\CodeIgniter.php(340): CodeIgniter\CodeIgniter->handleRequest(null, Object(Config\Cache), false)
 4 FCPATH\index.php(67): CodeIgniter\CodeIgniter->run()
CRITICAL - 2022-10-26 21:42:14 --> Undefined variable: validation
in APPPATH\Views\v_input.php on line 33.
 1 APPPATH\Views\v_input.php(33): CodeIgniter\Debug\Exceptions->errorHandler(8, 'Undefined variable: validation', 'APPPATH\\Views\\v_input.php', 33, [])
 2 SYSTEMPATH\View\View.php(213): include('APPPATH\\Views\\v_input.php')
 3 SYSTEMPATH\View\View.php(216): CodeIgniter\View\View->CodeIgniter\View\{closure}()
 4 SYSTEMPATH\Common.php(1142): CodeIgniter\View\View->render('v_input', [], true)
 5 APPPATH\Controllers\Objek.php(22): view('v_input')
 6 SYSTEMPATH\CodeIgniter.php(904): App\Controllers\Objek->index()
 7 SYSTEMPATH\CodeIgniter.php(457): CodeIgniter\CodeIgniter->runController(Object(App\Controllers\Objek))
 8 SYSTEMPATH\CodeIgniter.php(340): CodeIgniter\CodeIgniter->handleRequest(null, Object(Config\Cache), false)
 9 FCPATH\index.php(67): CodeIgniter\CodeIgniter->run()
CRITICAL - 2022-10-26 22:03:08 --> ~u}u{{gd is not a valid rule.
in SYSTEMPATH\Validation\Validation.php on line 323.
 1 SYSTEMPATH\Validation\Validation.php(323): CodeIgniter\Validation\Exceptions\ValidationException::forRuleNotFound('~u}u{{gd')
 2 SYSTEMPATH\Validation\Validation.php(175): CodeIgniter\Validation\Validation->processRules('input_longitude', 'input_longitude', '106.71542358555601', [...], [...])
 3 SYSTEMPATH\Controller.php(140): CodeIgniter\Validation\Validation->run()
 4 APPPATH\Controllers\Objek.php(31): CodeIgniter\Controller->validate([...])
 5 SYSTEMPATH\CodeIgniter.php(904): App\Controllers\Objek->simpantambahdata()
 6 SYSTEMPATH\CodeIgniter.php(457): CodeIgniter\CodeIgniter->runController(Object(App\Controllers\Objek))
 7 SYSTEMPATH\CodeIgniter.php(340): CodeIgniter\CodeIgniter->handleRequest(null, Object(Config\Cache), false)
 8 FCPATH\index.php(67): CodeIgniter\CodeIgniter->run()
CRITICAL - 2022-10-26 22:05:53 --> ~u}u{{gd is not a valid rule.
in SYSTEMPATH\Validation\Validation.php on line 323.
 1 SYSTEMPATH\Validation\Validation.php(323): CodeIgniter\Validation\Exceptions\ValidationException::forRuleNotFound('~u}u{{gd')
 2 SYSTEMPATH\Validation\Validation.php(175): CodeIgniter\Validation\Validation->processRules('input_longitude', 'input_longitude', 'ROOTPATH\\public', [...], [...])
 3 SYSTEMPATH\Controller.php(140): CodeIgniter\Validation\Validation->run()
 4 APPPATH\Controllers\Objek.php(31): CodeIgniter\Controller->validate([...])
 5 SYSTEMPATH\CodeIgniter.php(904): App\Controllers\Objek->simpantambahdata()
 6 SYSTEMPATH\CodeIgniter.php(457): CodeIgniter\CodeIgniter->runController(Object(App\Controllers\Objek))
 7 SYSTEMPATH\CodeIgniter.php(340): CodeIgniter\CodeIgniter->handleRequest(null, Object(Config\Cache), false)
 8 FCPATH\index.php(67): CodeIgniter\CodeIgniter->run()
CRITICAL - 2022-10-26 22:05:59 --> ~u}u{{gd is not a valid rule.
in SYSTEMPATH\Validation\Validation.php on line 323.
 1 SYSTEMPATH\Validation\Validation.php(323): CodeIgniter\Validation\Exceptions\ValidationException::forRuleNotFound('~u}u{{gd')
 2 SYSTEMPATH\Validation\Validation.php(175): CodeIgniter\Validation\Validation->processRules('input_longitude', 'input_longitude', 'ROOTPATH\\public', [...], [...])
 3 SYSTEMPATH\Controller.php(140): CodeIgniter\Validation\Validation->run()
 4 APPPATH\Controllers\Objek.php(31): CodeIgniter\Controller->validate([...])
 5 SYSTEMPATH\CodeIgniter.php(904): App\Controllers\Objek->simpantambahdata()
 6 SYSTEMPATH\CodeIgniter.php(457): CodeIgniter\CodeIgniter->runController(Object(App\Controllers\Objek))
 7 SYSTEMPATH\CodeIgniter.php(340): CodeIgniter\CodeIgniter->handleRequest(null, Object(Config\Cache), false)
 8 FCPATH\index.php(67): CodeIgniter\CodeIgniter->run()
CRITICAL - 2022-10-26 22:07:26 --> ~u}u{{gd is not a valid rule.
in SYSTEMPATH\Validation\Validation.php on line 323.
 1 SYSTEMPATH\Validation\Validation.php(323): CodeIgniter\Validation\Exceptions\ValidationException::forRuleNotFound('~u}u{{gd')
 2 SYSTEMPATH\Validation\Validation.php(175): CodeIgniter\Validation\Validation->processRules('input_longitude', 'input_longitude', '107.04683303833009aaa', [...], [...])
 3 SYSTEMPATH\Controller.php(140): CodeIgniter\Validation\Validation->run()
 4 APPPATH\Controllers\Objek.php(31): CodeIgniter\Controller->validate([...])
 5 SYSTEMPATH\CodeIgniter.php(904): App\Controllers\Objek->simpantambahdata()
 6 SYSTEMPATH\CodeIgniter.php(457): CodeIgniter\CodeIgniter->runController(Object(App\Controllers\Objek))
 7 SYSTEMPATH\CodeIgniter.php(340): CodeIgniter\CodeIgniter->handleRequest(null, Object(Config\Cache), false)
 8 FCPATH\index.php(67): CodeIgniter\CodeIgniter->run()
CRITICAL - 2022-10-26 22:09:12 --> ~u}u{{gd is not a valid rule.
in SYSTEMPATH\Validation\Validation.php on line 323.
 1 SYSTEMPATH\Validation\Validation.php(323): CodeIgniter\Validation\Exceptions\ValidationException::forRuleNotFound('~u}u{{gd')
 2 SYSTEMPATH\Validation\Validation.php(175): CodeIgniter\Validation\Validation->processRules('input_longitude', 'input_longitude', '107.04683303833009aaa', [...], [...])
 3 SYSTEMPATH\Controller.php(140): CodeIgniter\Validation\Validation->run()
 4 APPPATH\Controllers\Objek.php(31): CodeIgniter\Controller->validate([...])
 5 SYSTEMPATH\CodeIgniter.php(904): App\Controllers\Objek->simpantambahdata()
 6 SYSTEMPATH\CodeIgniter.php(457): CodeIgniter\CodeIgniter->runController(Object(App\Controllers\Objek))
 7 SYSTEMPATH\CodeIgniter.php(340): CodeIgniter\CodeIgniter->handleRequest(null, Object(Config\Cache), false)
 8 FCPATH\index.php(67): CodeIgniter\CodeIgniter->run()
CRITICAL - 2022-10-26 22:09:28 --> ~u}u{{gd is not a valid rule.
in SYSTEMPATH\Validation\Validation.php on line 323.
 1 SYSTEMPATH\Validation\Validation.php(323): CodeIgniter\Validation\Exceptions\ValidationException::forRuleNotFound('~u}u{{gd')
 2 SYSTEMPATH\Validation\Validation.php(175): CodeIgniter\Validation\Validation->processRules('input_longitude', 'input_longitude', 'ROOTPATH\\public', [...], [...])
 3 SYSTEMPATH\Controller.php(140): CodeIgniter\Validation\Validation->run()
 4 APPPATH\Controllers\Objek.php(31): CodeIgniter\Controller->validate([...])
 5 SYSTEMPATH\CodeIgniter.php(904): App\Controllers\Objek->simpantambahdata()
 6 SYSTEMPATH\CodeIgniter.php(457): CodeIgniter\CodeIgniter->runController(Object(App\Controllers\Objek))
 7 SYSTEMPATH\CodeIgniter.php(340): CodeIgniter\CodeIgniter->handleRequest(null, Object(Config\Cache), false)
 8 FCPATH\index.php(67): CodeIgniter\CodeIgniter->run()
CRITICAL - 2022-10-26 22:09:41 --> ~u}u{{gd is not a valid rule.
in SYSTEMPATH\Validation\Validation.php on line 323.
 1 SYSTEMPATH\Validation\Validation.php(323): CodeIgniter\Validation\Exceptions\ValidationException::forRuleNotFound('~u}u{{gd')
 2 SYSTEMPATH\Validation\Validation.php(175): CodeIgniter\Validation\Validation->processRules('input_longitude', 'input_longitude', 'ROOTPATH\\public', [...], [...])
 3 SYSTEMPATH\Controller.php(140): CodeIgniter\Validation\Validation->run()
 4 APPPATH\Controllers\Objek.php(31): CodeIgniter\Controller->validate([...])
 5 SYSTEMPATH\CodeIgniter.php(904): App\Controllers\Objek->simpantambahdata()
 6 SYSTEMPATH\CodeIgniter.php(457): CodeIgniter\CodeIgniter->runController(Object(App\Controllers\Objek))
 7 SYSTEMPATH\CodeIgniter.php(340): CodeIgniter\CodeIgniter->handleRequest(null, Object(Config\Cache), false)
 8 FCPATH\index.php(67): CodeIgniter\CodeIgniter->run()
CRITICAL - 2022-10-26 22:13:59 --> Undefined variable: validation
in APPPATH\Views\v_edit.php on line 33.
 1 APPPATH\Views\v_edit.php(33): CodeIgniter\Debug\Exceptions->errorHandler(8, 'Undefined variable: validation', 'APPPATH\\Views\\v_edit.php', 33, [...])
 2 SYSTEMPATH\View\View.php(213): include('APPPATH\\Views\\v_edit.php')
 3 SYSTEMPATH\View\View.php(216): CodeIgniter\View\View->CodeIgniter\View\{closure}()
 4 SYSTEMPATH\Common.php(1142): CodeIgniter\View\View->render('v_edit', [], true)
 5 APPPATH\Controllers\Objek.php(107): view('v_edit', [...])
 6 SYSTEMPATH\CodeIgniter.php(904): App\Controllers\Objek->edit('19')
 7 SYSTEMPATH\CodeIgniter.php(457): CodeIgniter\CodeIgniter->runController(Object(App\Controllers\Objek))
 8 SYSTEMPATH\CodeIgniter.php(340): CodeIgniter\CodeIgniter->handleRequest(null, Object(Config\Cache), false)
 9 FCPATH\index.php(67): CodeIgniter\CodeIgniter->run()
CRITICAL - 2022-10-26 22:14:58 --> Undefined variable: validation
in APPPATH\Views\v_edit.php on line 33.
 1 APPPATH\Views\v_edit.php(33): CodeIgniter\Debug\Exceptions->errorHandler(8, 'Undefined variable: validation', 'APPPATH\\Views\\v_edit.php', 33, [...])
 2 SYSTEMPATH\View\View.php(213): include('APPPATH\\Views\\v_edit.php')
 3 SYSTEMPATH\View\View.php(216): CodeIgniter\View\View->CodeIgniter\View\{closure}()
 4 SYSTEMPATH\Common.php(1142): CodeIgniter\View\View->render('v_edit', [], true)
 5 APPPATH\Controllers\Objek.php(108): view('v_edit', [...])
 6 SYSTEMPATH\CodeIgniter.php(904): App\Controllers\Objek->edit('19')
 7 SYSTEMPATH\CodeIgniter.php(457): CodeIgniter\CodeIgniter->runController(Object(App\Controllers\Objek))
 8 SYSTEMPATH\CodeIgniter.php(340): CodeIgniter\CodeIgniter->handleRequest(null, Object(Config\Cache), false)
 9 FCPATH\index.php(67): CodeIgniter\CodeIgniter->run()
CRITICAL - 2022-10-26 22:15:01 --> Too few arguments to function App\Controllers\Objek::edit(), 0 passed in C:\xampp\htdocs\pgwl\petalokasiobjek\system\CodeIgniter.php on line 904 and exactly 1 expected
in APPPATH\Controllers\Objek.php on line 104.
 1 SYSTEMPATH\CodeIgniter.php(904): App\Controllers\Objek->edit()
 2 SYSTEMPATH\CodeIgniter.php(457): CodeIgniter\CodeIgniter->runController(Object(App\Controllers\Objek))
 3 SYSTEMPATH\CodeIgniter.php(340): CodeIgniter\CodeIgniter->handleRequest(null, Object(Config\Cache), false)
 4 FCPATH\index.php(67): CodeIgniter\CodeIgniter->run()
CRITICAL - 2022-10-26 22:24:22 --> Undefined variable: validation
in APPPATH\Views\v_edit.php on line 33.
 1 APPPATH\Views\v_edit.php(33): CodeIgniter\Debug\Exceptions->errorHandler(8, 'Undefined variable: validation', 'APPPATH\\Views\\v_edit.php', 33, [...])
 2 SYSTEMPATH\View\View.php(213): include('APPPATH\\Views\\v_edit.php')
 3 SYSTEMPATH\View\View.php(216): CodeIgniter\View\View->CodeIgniter\View\{closure}()
 4 SYSTEMPATH\Common.php(1142): CodeIgniter\View\View->render('v_edit', [], true)
 5 APPPATH\Controllers\Objek.php(115): view('v_edit', [...])
 6 SYSTEMPATH\CodeIgniter.php(904): App\Controllers\Objek->edit('12')
 7 SYSTEMPATH\CodeIgniter.php(457): CodeIgniter\CodeIgniter->runController(Object(App\Controllers\Objek))
 8 SYSTEMPATH\CodeIgniter.php(340): CodeIgniter\CodeIgniter->handleRequest(null, Object(Config\Cache), false)
 9 FCPATH\index.php(67): CodeIgniter\CodeIgniter->run()
CRITICAL - 2022-10-26 22:25:55 --> Undefined variable: validation
in APPPATH\Views\v_edit.php on line 33.
 1 APPPATH\Views\v_edit.php(33): CodeIgniter\Debug\Exceptions->errorHandler(8, 'Undefined variable: validation', 'APPPATH\\Views\\v_edit.php', 33, [...])
 2 SYSTEMPATH\View\View.php(213): include('APPPATH\\Views\\v_edit.php')
 3 SYSTEMPATH\View\View.php(216): CodeIgniter\View\View->CodeIgniter\View\{closure}()
 4 SYSTEMPATH\Common.php(1142): CodeIgniter\View\View->render('v_edit', [], true)
 5 APPPATH\Controllers\Objek.php(115): view('v_edit', [...])
 6 SYSTEMPATH\CodeIgniter.php(904): App\Controllers\Objek->edit('12')
 7 SYSTEMPATH\CodeIgniter.php(457): CodeIgniter\CodeIgniter->runController(Object(App\Controllers\Objek))
 8 SYSTEMPATH\CodeIgniter.php(340): CodeIgniter\CodeIgniter->handleRequest(null, Object(Config\Cache), false)
 9 FCPATH\index.php(67): CodeIgniter\CodeIgniter->run()
CRITICAL - 2022-10-26 22:26:54 --> Undefined variable: validation
in APPPATH\Views\v_edit.php on line 33.
 1 APPPATH\Views\v_edit.php(33): CodeIgniter\Debug\Exceptions->errorHandler(8, 'Undefined variable: validation', 'APPPATH\\Views\\v_edit.php', 33, [...])
 2 SYSTEMPATH\View\View.php(213): include('APPPATH\\Views\\v_edit.php')
 3 SYSTEMPATH\View\View.php(216): CodeIgniter\View\View->CodeIgniter\View\{closure}()
 4 SYSTEMPATH\Common.php(1142): CodeIgniter\View\View->render('v_edit', [], true)
 5 APPPATH\Controllers\Objek.php(115): view('v_edit', [...])
 6 SYSTEMPATH\CodeIgniter.php(904): App\Controllers\Objek->edit('12')
 7 SYSTEMPATH\CodeIgniter.php(457): CodeIgniter\CodeIgniter->runController(Object(App\Controllers\Objek))
 8 SYSTEMPATH\CodeIgniter.php(340): CodeIgniter\CodeIgniter->handleRequest(null, Object(Config\Cache), false)
 9 FCPATH\index.php(67): CodeIgniter\CodeIgniter->run()
CRITICAL - 2022-10-26 22:28:13 --> Undefined variable: objek
in APPPATH\Views\v_edit.php on line 29.
 1 APPPATH\Views\v_edit.php(29): CodeIgniter\Debug\Exceptions->errorHandler(8, 'Undefined variable: objek', 'APPPATH\\Views\\v_edit.php', 29, [...])
 2 SYSTEMPATH\View\View.php(213): include('APPPATH\\Views\\v_edit.php')
 3 SYSTEMPATH\View\View.php(216): CodeIgniter\View\View->CodeIgniter\View\{closure}()
 4 SYSTEMPATH\Common.php(1142): CodeIgniter\View\View->render('v_edit', [], true)
 5 APPPATH\Controllers\Objek.php(114): view('v_edit', [...])
 6 SYSTEMPATH\CodeIgniter.php(904): App\Controllers\Objek->edit('12')
 7 SYSTEMPATH\CodeIgniter.php(457): CodeIgniter\CodeIgniter->runController(Object(App\Controllers\Objek))
 8 SYSTEMPATH\CodeIgniter.php(340): CodeIgniter\CodeIgniter->handleRequest(null, Object(Config\Cache), false)
 9 FCPATH\index.php(67): CodeIgniter\CodeIgniter->run()
CRITICAL - 2022-10-26 22:53:45 --> assert(): assert($request instanceof IncomingRequest) failed
in SYSTEMPATH\Validation\FileRules.php on line 42.
 1 [internal function]: CodeIgniter\Debug\Exceptions->errorHandler(2, 'assert(): assert($request instanceof IncomingRequest) failed', 'SYSTEMPATH\\Validation\\FileRules.php', 42, [...])
 2 SYSTEMPATH\Validation\FileRules.php(42): assert(false, 'assert($request instanceof IncomingRequest)')
 3 SYSTEMPATH\Validation\Validation.php(558): CodeIgniter\Validation\FileRules->__construct()
 4 SYSTEMPATH\Validation\Validation.php(122): CodeIgniter\Validation\Validation->loadRuleSets()
 5 SYSTEMPATH\CLI\CLI.php(324): CodeIgniter\Validation\Validation->run([...])
 6 SYSTEMPATH\CLI\CLI.php(257): CodeIgniter\CLI\CLI::validate('temp', 'y', [...])
 7 VENDORPATH\codeigniter4\shield\src\Commands\Setup.php(316): CodeIgniter\CLI\CLI::prompt('  Run `spark migrate --all` now?', [...])
 8 VENDORPATH\codeigniter4\shield\src\Commands\Setup.php(302): CodeIgniter\Shield\Commands\Setup->cliPrompt('  Run `spark migrate --all` now?', [...])
 9 VENDORPATH\codeigniter4\shield\src\Commands\Setup.php(92): CodeIgniter\Shield\Commands\Setup->runMigrations()
10 VENDORPATH\codeigniter4\shield\src\Commands\Setup.php(79): CodeIgniter\Shield\Commands\Setup->publishConfig()
11 SYSTEMPATH\CLI\Commands.php(63): CodeIgniter\Shield\Commands\Setup->run([])
12 SYSTEMPATH\CLI\CommandRunner.php(65): CodeIgniter\CLI\Commands->run('shield:setup', [])
13 SYSTEMPATH\CLI\CommandRunner.php(51): CodeIgniter\CLI\CommandRunner->index([])
14 SYSTEMPATH\CodeIgniter.php(897): CodeIgniter\CLI\CommandRunner->_remap('index', [...])
15 SYSTEMPATH\CodeIgniter.php(457): CodeIgniter\CodeIgniter->runController(Object(CodeIgniter\CLI\CommandRunner))
16 SYSTEMPATH\CodeIgniter.php(336): CodeIgniter\CodeIgniter->handleRequest(null, Object(Config\Cache), false)
17 SYSTEMPATH\CLI\Console.php(48): CodeIgniter\CodeIgniter->run()
18 ROOTPATH\spark(98): CodeIgniter\CLI\Console->run()
