CRITICAL - 2022-12-07 03:46:05 --> include(dist/leaflet.awesome-markers.cs): failed to open stream: No such file or directory
in APPPATH\Views\v_data.php on line 14.
 1 APPPATH\Views\v_data.php(14): CodeIgniter\Debug\Exceptions->errorHandler(2, 'include(dist/leaflet.awesome-markers.cs): failed to open stream: No such file or directory', 'APPPATH\\Views\\v_data.php', 14, [])
 2 APPPATH\Views\v_data.php(14): include()
 3 SYSTEMPATH\View\View.php(213): include('APPPATH\\Views\\v_data.php')
 4 SYSTEMPATH\View\View.php(216): CodeIgniter\View\View->CodeIgniter\View\{closure}()
 5 SYSTEMPATH\Common.php(1142): CodeIgniter\View\View->render('v_data', [], true)
 6 APPPATH\Controllers\Home.php(9): view('v_data')
 7 SYSTEMPATH\CodeIgniter.php(904): App\Controllers\Home->index()
 8 SYSTEMPATH\CodeIgniter.php(457): CodeIgniter\CodeIgniter->runController(Object(App\Controllers\Home))
 9 SYSTEMPATH\CodeIgniter.php(340): CodeIgniter\CodeIgniter->handleRequest(null, Object(Config\Cache), false)
10 FCPATH\index.php(67): CodeIgniter\CodeIgniter->run()
CRITICAL - 2022-12-07 03:46:45 --> include(dist/leaflet.awesome-markers.cs): failed to open stream: No such file or directory
in APPPATH\Views\v_data.php on line 14.
 1 APPPATH\Views\v_data.php(14): CodeIgniter\Debug\Exceptions->errorHandler(2, 'include(dist/leaflet.awesome-markers.cs): failed to open stream: No such file or directory', 'APPPATH\\Views\\v_data.php', 14, [])
 2 APPPATH\Views\v_data.php(14): include()
 3 SYSTEMPATH\View\View.php(213): include('APPPATH\\Views\\v_data.php')
 4 SYSTEMPATH\View\View.php(216): CodeIgniter\View\View->CodeIgniter\View\{closure}()
 5 SYSTEMPATH\Common.php(1142): CodeIgniter\View\View->render('v_data', [], true)
 6 APPPATH\Controllers\Home.php(9): view('v_data')
 7 SYSTEMPATH\CodeIgniter.php(904): App\Controllers\Home->index()
 8 SYSTEMPATH\CodeIgniter.php(457): CodeIgniter\CodeIgniter->runController(Object(App\Controllers\Home))
 9 SYSTEMPATH\CodeIgniter.php(340): CodeIgniter\CodeIgniter->handleRequest(null, Object(Config\Cache), false)
10 FCPATH\index.php(67): CodeIgniter\CodeIgniter->run()
CRITICAL - 2022-12-07 03:47:11 --> include(/dist/leaflet.awesome-markers.cs): failed to open stream: No such file or directory
in APPPATH\Views\v_data.php on line 14.
 1 APPPATH\Views\v_data.php(14): CodeIgniter\Debug\Exceptions->errorHandler(2, 'include(/dist/leaflet.awesome-markers.cs): failed to open stream: No such file or directory', 'APPPATH\\Views\\v_data.php', 14, [])
 2 APPPATH\Views\v_data.php(14): include()
 3 SYSTEMPATH\View\View.php(213): include('APPPATH\\Views\\v_data.php')
 4 SYSTEMPATH\View\View.php(216): CodeIgniter\View\View->CodeIgniter\View\{closure}()
 5 SYSTEMPATH\Common.php(1142): CodeIgniter\View\View->render('v_data', [], true)
 6 APPPATH\Controllers\Home.php(9): view('v_data')
 7 SYSTEMPATH\CodeIgniter.php(904): App\Controllers\Home->index()
 8 SYSTEMPATH\CodeIgniter.php(457): CodeIgniter\CodeIgniter->runController(Object(App\Controllers\Home))
 9 SYSTEMPATH\CodeIgniter.php(340): CodeIgniter\CodeIgniter->handleRequest(null, Object(Config\Cache), false)
10 FCPATH\index.php(67): CodeIgniter\CodeIgniter->run()
CRITICAL - 2022-12-07 03:52:09 --> include(leaflet.awesome-markers.css): failed to open stream: No such file or directory
in APPPATH\Views\v_data.php on line 14.
 1 APPPATH\Views\v_data.php(14): CodeIgniter\Debug\Exceptions->errorHandler(2, 'include(leaflet.awesome-markers.css): failed to open stream: No such file or directory', 'APPPATH\\Views\\v_data.php', 14, [])
 2 APPPATH\Views\v_data.php(14): include()
 3 SYSTEMPATH\View\View.php(213): include('APPPATH\\Views\\v_data.php')
 4 SYSTEMPATH\View\View.php(216): CodeIgniter\View\View->CodeIgniter\View\{closure}()
 5 SYSTEMPATH\Common.php(1142): CodeIgniter\View\View->render('v_data', [], true)
 6 APPPATH\Controllers\Home.php(9): view('v_data')
 7 SYSTEMPATH\CodeIgniter.php(904): App\Controllers\Home->index()
 8 SYSTEMPATH\CodeIgniter.php(457): CodeIgniter\CodeIgniter->runController(Object(App\Controllers\Home))
 9 SYSTEMPATH\CodeIgniter.php(340): CodeIgniter\CodeIgniter->handleRequest(null, Object(Config\Cache), false)
10 FCPATH\index.php(67): CodeIgniter\CodeIgniter->run()
CRITICAL - 2022-12-07 03:52:27 --> include(leaflet.awesome-markers.css): failed to open stream: No such file or directory
in APPPATH\Views\v_data.php on line 14.
 1 APPPATH\Views\v_data.php(14): CodeIgniter\Debug\Exceptions->errorHandler(2, 'include(leaflet.awesome-markers.css): failed to open stream: No such file or directory', 'APPPATH\\Views\\v_data.php', 14, [])
 2 APPPATH\Views\v_data.php(14): include()
 3 SYSTEMPATH\View\View.php(213): include('APPPATH\\Views\\v_data.php')
 4 SYSTEMPATH\View\View.php(216): CodeIgniter\View\View->CodeIgniter\View\{closure}()
 5 SYSTEMPATH\Common.php(1142): CodeIgniter\View\View->render('v_data', [], true)
 6 APPPATH\Controllers\Home.php(9): view('v_data')
 7 SYSTEMPATH\CodeIgniter.php(904): App\Controllers\Home->index()
 8 SYSTEMPATH\CodeIgniter.php(457): CodeIgniter\CodeIgniter->runController(Object(App\Controllers\Home))
 9 SYSTEMPATH\CodeIgniter.php(340): CodeIgniter\CodeIgniter->handleRequest(null, Object(Config\Cache), false)
10 FCPATH\index.php(67): CodeIgniter\CodeIgniter->run()
